<?xml version="1.0" encoding="UTF-8"?>
<testsuite name="ma.aui.sse.it.xcommerce.microservices.order.XcommerceMicroservicesOrderApplicationTests" tests="1" skipped="0" failures="0" errors="0" timestamp="2019-05-04T18:16:07" hostname="bluestream" time="0.243">
  <properties/>
  <testcase name="contextLoads" classname="ma.aui.sse.it.xcommerce.microservices.order.XcommerceMicroservicesOrderApplicationTests" time="0.243"/>
  <system-out><![CDATA[19:16:03.095 [Test worker] DEBUG org.springframework.test.context.junit4.SpringJUnit4ClassRunner - SpringJUnit4ClassRunner constructor called with [class ma.aui.sse.it.xcommerce.microservices.order.XcommerceMicroservicesOrderApplicationTests]
19:16:03.102 [Test worker] DEBUG org.springframework.test.context.BootstrapUtils - Instantiating CacheAwareContextLoaderDelegate from class [org.springframework.test.context.cache.DefaultCacheAwareContextLoaderDelegate]
19:16:03.108 [Test worker] DEBUG org.springframework.test.context.BootstrapUtils - Instantiating BootstrapContext using constructor [public org.springframework.test.context.support.DefaultBootstrapContext(java.lang.Class,org.springframework.test.context.CacheAwareContextLoaderDelegate)]
19:16:03.123 [Test worker] DEBUG org.springframework.test.context.BootstrapUtils - Instantiating TestContextBootstrapper for test class [ma.aui.sse.it.xcommerce.microservices.order.XcommerceMicroservicesOrderApplicationTests] from class [org.springframework.boot.test.context.SpringBootTestContextBootstrapper]
19:16:03.131 [Test worker] INFO org.springframework.boot.test.context.SpringBootTestContextBootstrapper - Neither @ContextConfiguration nor @ContextHierarchy found for test class [ma.aui.sse.it.xcommerce.microservices.order.XcommerceMicroservicesOrderApplicationTests], using SpringBootContextLoader
19:16:03.134 [Test worker] DEBUG org.springframework.test.context.support.AbstractContextLoader - Did not detect default resource location for test class [ma.aui.sse.it.xcommerce.microservices.order.XcommerceMicroservicesOrderApplicationTests]: class path resource [ma/aui/sse/it/xcommerce/microservices/order/XcommerceMicroservicesOrderApplicationTests-context.xml] does not exist
19:16:03.134 [Test worker] DEBUG org.springframework.test.context.support.AbstractContextLoader - Did not detect default resource location for test class [ma.aui.sse.it.xcommerce.microservices.order.XcommerceMicroservicesOrderApplicationTests]: class path resource [ma/aui/sse/it/xcommerce/microservices/order/XcommerceMicroservicesOrderApplicationTestsContext.groovy] does not exist
19:16:03.134 [Test worker] INFO org.springframework.test.context.support.AbstractContextLoader - Could not detect default resource locations for test class [ma.aui.sse.it.xcommerce.microservices.order.XcommerceMicroservicesOrderApplicationTests]: no resource found for suffixes {-context.xml, Context.groovy}.
19:16:03.135 [Test worker] INFO org.springframework.test.context.support.AnnotationConfigContextLoaderUtils - Could not detect default configuration classes for test class [ma.aui.sse.it.xcommerce.microservices.order.XcommerceMicroservicesOrderApplicationTests]: XcommerceMicroservicesOrderApplicationTests does not declare any static, non-private, non-final, nested classes annotated with @Configuration.
19:16:03.168 [Test worker] DEBUG org.springframework.test.context.support.ActiveProfilesUtils - Could not find an 'annotation declaring class' for annotation type [org.springframework.test.context.ActiveProfiles] and class [ma.aui.sse.it.xcommerce.microservices.order.XcommerceMicroservicesOrderApplicationTests]
19:16:03.218 [Test worker] DEBUG org.springframework.context.annotation.ClassPathScanningCandidateComponentProvider - Identified candidate component class: file [/home/pr-iraqi-houssaini/AUI/courses/csc3327/code/xcommerce-microservices-spring/order/progress/build/classes/java/main/ma/aui/sse/it/xcommerce/microservices/order/XcommerceMicroservicesOrderApplication.class]
19:16:03.219 [Test worker] INFO org.springframework.boot.test.context.SpringBootTestContextBootstrapper - Found @SpringBootConfiguration ma.aui.sse.it.xcommerce.microservices.order.XcommerceMicroservicesOrderApplication for test class ma.aui.sse.it.xcommerce.microservices.order.XcommerceMicroservicesOrderApplicationTests
19:16:03.276 [Test worker] DEBUG org.springframework.boot.test.context.SpringBootTestContextBootstrapper - @TestExecutionListeners is not present for class [ma.aui.sse.it.xcommerce.microservices.order.XcommerceMicroservicesOrderApplicationTests]: using defaults.
19:16:03.276 [Test worker] INFO org.springframework.boot.test.context.SpringBootTestContextBootstrapper - Loaded default TestExecutionListener class names from location [META-INF/spring.factories]: [org.springframework.boot.test.autoconfigure.restdocs.RestDocsTestExecutionListener, org.springframework.boot.test.autoconfigure.web.client.MockRestServiceServerResetTestExecutionListener, org.springframework.boot.test.autoconfigure.web.servlet.MockMvcPrintOnlyOnFailureTestExecutionListener, org.springframework.boot.test.autoconfigure.web.servlet.WebDriverTestExecutionListener, org.springframework.boot.test.mock.mockito.MockitoTestExecutionListener, org.springframework.boot.test.mock.mockito.ResetMocksTestExecutionListener, org.springframework.test.context.web.ServletTestExecutionListener, org.springframework.test.context.support.DirtiesContextBeforeModesTestExecutionListener, org.springframework.test.context.support.DependencyInjectionTestExecutionListener, org.springframework.test.context.support.DirtiesContextTestExecutionListener, org.springframework.test.context.transaction.TransactionalTestExecutionListener, org.springframework.test.context.jdbc.SqlScriptsTestExecutionListener]
19:16:03.286 [Test worker] INFO org.springframework.boot.test.context.SpringBootTestContextBootstrapper - Using TestExecutionListeners: [org.springframework.test.context.web.ServletTestExecutionListener@18f468f9, org.springframework.test.context.support.DirtiesContextBeforeModesTestExecutionListener@76c6f54c, org.springframework.boot.test.mock.mockito.MockitoTestExecutionListener@1f38db35, org.springframework.boot.test.autoconfigure.SpringBootDependencyInjectionTestExecutionListener@2302d245, org.springframework.test.context.support.DirtiesContextTestExecutionListener@188ad57c, org.springframework.test.context.transaction.TransactionalTestExecutionListener@59273fb4, org.springframework.test.context.jdbc.SqlScriptsTestExecutionListener@9fa6d6, org.springframework.boot.test.autoconfigure.restdocs.RestDocsTestExecutionListener@35bacc7a, org.springframework.boot.test.autoconfigure.web.client.MockRestServiceServerResetTestExecutionListener@7b55ce84, org.springframework.boot.test.autoconfigure.web.servlet.MockMvcPrintOnlyOnFailureTestExecutionListener@1bef84c5, org.springframework.boot.test.autoconfigure.web.servlet.WebDriverTestExecutionListener@66bb3878, org.springframework.boot.test.mock.mockito.ResetMocksTestExecutionListener@501e1c9]
19:16:03.288 [Test worker] DEBUG org.springframework.test.annotation.ProfileValueUtils - Retrieved @ProfileValueSourceConfiguration [null] for test class [ma.aui.sse.it.xcommerce.microservices.order.XcommerceMicroservicesOrderApplicationTests]
19:16:03.288 [Test worker] DEBUG org.springframework.test.annotation.ProfileValueUtils - Retrieved ProfileValueSource type [class org.springframework.test.annotation.SystemProfileValueSource] for class [ma.aui.sse.it.xcommerce.microservices.order.XcommerceMicroservicesOrderApplicationTests]
19:16:03.289 [Test worker] DEBUG org.springframework.test.annotation.ProfileValueUtils - Retrieved @ProfileValueSourceConfiguration [null] for test class [ma.aui.sse.it.xcommerce.microservices.order.XcommerceMicroservicesOrderApplicationTests]
19:16:03.289 [Test worker] DEBUG org.springframework.test.annotation.ProfileValueUtils - Retrieved ProfileValueSource type [class org.springframework.test.annotation.SystemProfileValueSource] for class [ma.aui.sse.it.xcommerce.microservices.order.XcommerceMicroservicesOrderApplicationTests]
19:16:03.292 [Test worker] DEBUG org.springframework.test.context.support.AbstractDirtiesContextTestExecutionListener - Before test class: context [DefaultTestContext@5a42f601 testClass = XcommerceMicroservicesOrderApplicationTests, testInstance = [null], testMethod = [null], testException = [null], mergedContextConfiguration = [WebMergedContextConfiguration@ae510f9 testClass = XcommerceMicroservicesOrderApplicationTests, locations = '{}', classes = '{class ma.aui.sse.it.xcommerce.microservices.order.XcommerceMicroservicesOrderApplication}', contextInitializerClasses = '[]', activeProfiles = '{}', propertySourceLocations = '{}', propertySourceProperties = '{org.springframework.boot.test.context.SpringBootTestContextBootstrapper=true}', contextCustomizers = set[org.springframework.boot.test.autoconfigure.properties.PropertyMappingContextCustomizer@0, org.springframework.boot.test.autoconfigure.web.servlet.WebDriverContextCustomizerFactory$Customizer@60633ca, org.springframework.boot.test.context.filter.ExcludeFilterContextCustomizer@620360b9, org.springframework.boot.test.json.DuplicateJsonObjectContextCustomizerFactory$DuplicateJsonObjectContextCustomizer@7a44f70f, org.springframework.boot.test.mock.mockito.MockitoContextCustomizer@0, org.springframework.boot.test.web.client.TestRestTemplateContextCustomizer@137a0006], resourceBasePath = 'src/main/webapp', contextLoader = 'org.springframework.boot.test.context.SpringBootContextLoader', parent = [null]], attributes = map['org.springframework.test.context.web.ServletTestExecutionListener.activateListener' -> true]], class annotated with @DirtiesContext [false] with mode [null].
19:16:03.293 [Test worker] DEBUG org.springframework.test.annotation.ProfileValueUtils - Retrieved @ProfileValueSourceConfiguration [null] for test class [ma.aui.sse.it.xcommerce.microservices.order.XcommerceMicroservicesOrderApplicationTests]
19:16:03.293 [Test worker] DEBUG org.springframework.test.annotation.ProfileValueUtils - Retrieved ProfileValueSource type [class org.springframework.test.annotation.SystemProfileValueSource] for class [ma.aui.sse.it.xcommerce.microservices.order.XcommerceMicroservicesOrderApplicationTests]
19:16:03.313 [Test worker] DEBUG org.springframework.test.context.support.TestPropertySourceUtils - Adding inlined properties to environment: {spring.jmx.enabled=false, org.springframework.boot.test.context.SpringBootTestContextBootstrapper=true, server.port=-1}

  .   ____          _            __ _ _
 /\\ / ___'_ __ _ _(_)_ __  __ _ \ \ \ \
( ( )\___ | '_ | '_| | '_ \/ _` | \ \ \ \
 \\/  ___)| |_)| | | | | || (_| |  ) ) ) )
  '  |____| .__|_| |_|_| |_\__, | / / / /
 =========|_|==============|___/=/_/_/_/
 :: Spring Boot ::        (v2.1.4.RELEASE)

2019-05-04 19:16:03.542  INFO 2287 --- [    Test worker] mmerceMicroservicesOrderApplicationTests : Starting XcommerceMicroservicesOrderApplicationTests on bluestream with PID 2287 (started by pr-iraqi-houssaini in /home/pr-iraqi-houssaini/AUI/courses/csc3327/code/xcommerce-microservices-spring/order/progress)
2019-05-04 19:16:03.544  INFO 2287 --- [    Test worker] mmerceMicroservicesOrderApplicationTests : No active profile set, falling back to default profiles: default
2019-05-04 19:16:04.443  INFO 2287 --- [    Test worker] .s.d.r.c.RepositoryConfigurationDelegate : Bootstrapping Spring Data repositories in DEFAULT mode.
2019-05-04 19:16:04.536  INFO 2287 --- [    Test worker] .s.d.r.c.RepositoryConfigurationDelegate : Finished Spring Data repository scanning in 85ms. Found 1 repository interfaces.
2019-05-04 19:16:04.951  INFO 2287 --- [    Test worker] trationDelegate$BeanPostProcessorChecker : Bean 'org.springframework.transaction.annotation.ProxyTransactionManagementConfiguration' of type [org.springframework.transaction.annotation.ProxyTransactionManagementConfiguration$$EnhancerBySpringCGLIB$$f2afa7f] is not eligible for getting processed by all BeanPostProcessors (for example: not eligible for auto-proxying)
2019-05-04 19:16:04.978  INFO 2287 --- [    Test worker] trationDelegate$BeanPostProcessorChecker : Bean 'org.springframework.hateoas.config.HateoasConfiguration' of type [org.springframework.hateoas.config.HateoasConfiguration$$EnhancerBySpringCGLIB$$8eab47b1] is not eligible for getting processed by all BeanPostProcessors (for example: not eligible for auto-proxying)
2019-05-04 19:16:05.417  INFO 2287 --- [    Test worker] org.neo4j.ogm.metadata.DomainInfo        : Starting Post-processing phase
2019-05-04 19:16:05.417  INFO 2287 --- [    Test worker] org.neo4j.ogm.metadata.DomainInfo        : Building annotation class map
2019-05-04 19:16:05.417  INFO 2287 --- [    Test worker] org.neo4j.ogm.metadata.DomainInfo        : Building interface class map for 9 classes
2019-05-04 19:16:05.426  INFO 2287 --- [    Test worker] org.neo4j.ogm.metadata.DomainInfo        : Post-processing complete
2019-05-04 19:16:05.502  INFO 2287 --- [    Test worker] o.s.d.neo4j.mapping.Neo4jMappingContext  : No class information found in OGM meta-data for class java.util.Hashtable so treating as simple type for SD Commons
2019-05-04 19:16:05.516  INFO 2287 --- [    Test worker] o.s.d.neo4j.mapping.Neo4jMappingContext  : Neo4jMappingContext initialisation completed
2019-05-04 19:16:06.410  INFO 2287 --- [    Test worker] o.s.s.concurrent.ThreadPoolTaskExecutor  : Initializing ExecutorService 'applicationTaskExecutor'
2019-05-04 19:16:06.477  WARN 2287 --- [    Test worker] ebConfiguration$Neo4jWebMvcConfiguration : spring.data.neo4j.open-in-view is enabled by default.Therefore, database queries may be performed during view rendering. Explicitly configure spring.data.neo4j.open-in-view to disable this warning
2019-05-04 19:16:07.160  INFO 2287 --- [    Test worker] .s.d.n.c.MetaDataDrivenConversionService : Not adding Spring-compatible converter for class org.neo4j.ogm.typeconversion.EnumStringConverter because one that does the same job has already been registered with the ConversionService.
2019-05-04 19:16:07.310  INFO 2287 --- [    Test worker] o.s.b.a.e.web.EndpointLinksResolver      : Exposing 2 endpoint(s) beneath base path '/actuator'
2019-05-04 19:16:07.373  INFO 2287 --- [    Test worker] mmerceMicroservicesOrderApplicationTests : Started XcommerceMicroservicesOrderApplicationTests in 4.053 seconds (JVM running for 4.866)
]]></system-out>
  <system-err><![CDATA[]]></system-err>
</testsuite>
