<?xml version="1.0" encoding="UTF-8"?>
<testsuite name="ma.aui.sse.it.xcommerce.microservices.customer.XcommerceMicroservicesCustomerApplicationTests" tests="1" skipped="0" failures="0" errors="0" timestamp="2019-05-04T18:23:03" hostname="bluestream" time="0.233">
  <properties/>
  <testcase name="contextLoads" classname="ma.aui.sse.it.xcommerce.microservices.customer.XcommerceMicroservicesCustomerApplicationTests" time="0.233"/>
  <system-out><![CDATA[19:22:59.596 [Test worker] DEBUG org.springframework.test.context.junit4.SpringJUnit4ClassRunner - SpringJUnit4ClassRunner constructor called with [class ma.aui.sse.it.xcommerce.microservices.customer.XcommerceMicroservicesCustomerApplicationTests]
19:22:59.604 [Test worker] DEBUG org.springframework.test.context.BootstrapUtils - Instantiating CacheAwareContextLoaderDelegate from class [org.springframework.test.context.cache.DefaultCacheAwareContextLoaderDelegate]
19:22:59.611 [Test worker] DEBUG org.springframework.test.context.BootstrapUtils - Instantiating BootstrapContext using constructor [public org.springframework.test.context.support.DefaultBootstrapContext(java.lang.Class,org.springframework.test.context.CacheAwareContextLoaderDelegate)]
19:22:59.625 [Test worker] DEBUG org.springframework.test.context.BootstrapUtils - Instantiating TestContextBootstrapper for test class [ma.aui.sse.it.xcommerce.microservices.customer.XcommerceMicroservicesCustomerApplicationTests] from class [org.springframework.boot.test.context.SpringBootTestContextBootstrapper]
19:22:59.632 [Test worker] INFO org.springframework.boot.test.context.SpringBootTestContextBootstrapper - Neither @ContextConfiguration nor @ContextHierarchy found for test class [ma.aui.sse.it.xcommerce.microservices.customer.XcommerceMicroservicesCustomerApplicationTests], using SpringBootContextLoader
19:22:59.635 [Test worker] DEBUG org.springframework.test.context.support.AbstractContextLoader - Did not detect default resource location for test class [ma.aui.sse.it.xcommerce.microservices.customer.XcommerceMicroservicesCustomerApplicationTests]: class path resource [ma/aui/sse/it/xcommerce/microservices/customer/XcommerceMicroservicesCustomerApplicationTests-context.xml] does not exist
19:22:59.635 [Test worker] DEBUG org.springframework.test.context.support.AbstractContextLoader - Did not detect default resource location for test class [ma.aui.sse.it.xcommerce.microservices.customer.XcommerceMicroservicesCustomerApplicationTests]: class path resource [ma/aui/sse/it/xcommerce/microservices/customer/XcommerceMicroservicesCustomerApplicationTestsContext.groovy] does not exist
19:22:59.636 [Test worker] INFO org.springframework.test.context.support.AbstractContextLoader - Could not detect default resource locations for test class [ma.aui.sse.it.xcommerce.microservices.customer.XcommerceMicroservicesCustomerApplicationTests]: no resource found for suffixes {-context.xml, Context.groovy}.
19:22:59.636 [Test worker] INFO org.springframework.test.context.support.AnnotationConfigContextLoaderUtils - Could not detect default configuration classes for test class [ma.aui.sse.it.xcommerce.microservices.customer.XcommerceMicroservicesCustomerApplicationTests]: XcommerceMicroservicesCustomerApplicationTests does not declare any static, non-private, non-final, nested classes annotated with @Configuration.
19:22:59.669 [Test worker] DEBUG org.springframework.test.context.support.ActiveProfilesUtils - Could not find an 'annotation declaring class' for annotation type [org.springframework.test.context.ActiveProfiles] and class [ma.aui.sse.it.xcommerce.microservices.customer.XcommerceMicroservicesCustomerApplicationTests]
19:22:59.725 [Test worker] DEBUG org.springframework.context.annotation.ClassPathScanningCandidateComponentProvider - Identified candidate component class: file [/home/pr-iraqi-houssaini/AUI/courses/csc3327/code/xcommerce-microservices-spring/customer/progress/build/classes/java/main/ma/aui/sse/it/xcommerce/microservices/customer/XcommerceMicroservicesCustomerApplication.class]
19:22:59.726 [Test worker] INFO org.springframework.boot.test.context.SpringBootTestContextBootstrapper - Found @SpringBootConfiguration ma.aui.sse.it.xcommerce.microservices.customer.XcommerceMicroservicesCustomerApplication for test class ma.aui.sse.it.xcommerce.microservices.customer.XcommerceMicroservicesCustomerApplicationTests
19:22:59.786 [Test worker] DEBUG org.springframework.boot.test.context.SpringBootTestContextBootstrapper - @TestExecutionListeners is not present for class [ma.aui.sse.it.xcommerce.microservices.customer.XcommerceMicroservicesCustomerApplicationTests]: using defaults.
19:22:59.786 [Test worker] INFO org.springframework.boot.test.context.SpringBootTestContextBootstrapper - Loaded default TestExecutionListener class names from location [META-INF/spring.factories]: [org.springframework.boot.test.autoconfigure.restdocs.RestDocsTestExecutionListener, org.springframework.boot.test.autoconfigure.web.client.MockRestServiceServerResetTestExecutionListener, org.springframework.boot.test.autoconfigure.web.servlet.MockMvcPrintOnlyOnFailureTestExecutionListener, org.springframework.boot.test.autoconfigure.web.servlet.WebDriverTestExecutionListener, org.springframework.boot.test.mock.mockito.MockitoTestExecutionListener, org.springframework.boot.test.mock.mockito.ResetMocksTestExecutionListener, org.springframework.test.context.web.ServletTestExecutionListener, org.springframework.test.context.support.DirtiesContextBeforeModesTestExecutionListener, org.springframework.test.context.support.DependencyInjectionTestExecutionListener, org.springframework.test.context.support.DirtiesContextTestExecutionListener, org.springframework.test.context.transaction.TransactionalTestExecutionListener, org.springframework.test.context.jdbc.SqlScriptsTestExecutionListener]
19:22:59.797 [Test worker] INFO org.springframework.boot.test.context.SpringBootTestContextBootstrapper - Using TestExecutionListeners: [org.springframework.test.context.web.ServletTestExecutionListener@4a10bb88, org.springframework.test.context.support.DirtiesContextBeforeModesTestExecutionListener@2fb25fc9, org.springframework.boot.test.mock.mockito.MockitoTestExecutionListener@74a0f358, org.springframework.boot.test.autoconfigure.SpringBootDependencyInjectionTestExecutionListener@5157ca5d, org.springframework.test.context.support.DirtiesContextTestExecutionListener@1e54f704, org.springframework.test.context.transaction.TransactionalTestExecutionListener@23a5bf10, org.springframework.test.context.jdbc.SqlScriptsTestExecutionListener@50ecb20f, org.springframework.boot.test.autoconfigure.restdocs.RestDocsTestExecutionListener@3f069f6d, org.springframework.boot.test.autoconfigure.web.client.MockRestServiceServerResetTestExecutionListener@6d3b35e, org.springframework.boot.test.autoconfigure.web.servlet.MockMvcPrintOnlyOnFailureTestExecutionListener@880c1ab, org.springframework.boot.test.autoconfigure.web.servlet.WebDriverTestExecutionListener@3dc9667e, org.springframework.boot.test.mock.mockito.ResetMocksTestExecutionListener@36bf7b5d]
19:22:59.799 [Test worker] DEBUG org.springframework.test.annotation.ProfileValueUtils - Retrieved @ProfileValueSourceConfiguration [null] for test class [ma.aui.sse.it.xcommerce.microservices.customer.XcommerceMicroservicesCustomerApplicationTests]
19:22:59.799 [Test worker] DEBUG org.springframework.test.annotation.ProfileValueUtils - Retrieved ProfileValueSource type [class org.springframework.test.annotation.SystemProfileValueSource] for class [ma.aui.sse.it.xcommerce.microservices.customer.XcommerceMicroservicesCustomerApplicationTests]
19:22:59.800 [Test worker] DEBUG org.springframework.test.annotation.ProfileValueUtils - Retrieved @ProfileValueSourceConfiguration [null] for test class [ma.aui.sse.it.xcommerce.microservices.customer.XcommerceMicroservicesCustomerApplicationTests]
19:22:59.800 [Test worker] DEBUG org.springframework.test.annotation.ProfileValueUtils - Retrieved ProfileValueSource type [class org.springframework.test.annotation.SystemProfileValueSource] for class [ma.aui.sse.it.xcommerce.microservices.customer.XcommerceMicroservicesCustomerApplicationTests]
19:22:59.808 [Test worker] DEBUG org.springframework.test.context.support.AbstractDirtiesContextTestExecutionListener - Before test class: context [DefaultTestContext@c8adebd testClass = XcommerceMicroservicesCustomerApplicationTests, testInstance = [null], testMethod = [null], testException = [null], mergedContextConfiguration = [WebMergedContextConfiguration@2d3c11ca testClass = XcommerceMicroservicesCustomerApplicationTests, locations = '{}', classes = '{class ma.aui.sse.it.xcommerce.microservices.customer.XcommerceMicroservicesCustomerApplication}', contextInitializerClasses = '[]', activeProfiles = '{}', propertySourceLocations = '{}', propertySourceProperties = '{org.springframework.boot.test.context.SpringBootTestContextBootstrapper=true}', contextCustomizers = set[org.springframework.boot.test.autoconfigure.properties.PropertyMappingContextCustomizer@0, org.springframework.boot.test.autoconfigure.web.servlet.WebDriverContextCustomizerFactory$Customizer@71bb1fa1, org.springframework.boot.test.context.filter.ExcludeFilterContextCustomizer@16c121f1, org.springframework.boot.test.json.DuplicateJsonObjectContextCustomizerFactory$DuplicateJsonObjectContextCustomizer@3fbbcf8c, org.springframework.boot.test.mock.mockito.MockitoContextCustomizer@0, org.springframework.boot.test.web.client.TestRestTemplateContextCustomizer@507f9628], resourceBasePath = 'src/main/webapp', contextLoader = 'org.springframework.boot.test.context.SpringBootContextLoader', parent = [null]], attributes = map['org.springframework.test.context.web.ServletTestExecutionListener.activateListener' -> true]], class annotated with @DirtiesContext [false] with mode [null].
19:22:59.809 [Test worker] DEBUG org.springframework.test.annotation.ProfileValueUtils - Retrieved @ProfileValueSourceConfiguration [null] for test class [ma.aui.sse.it.xcommerce.microservices.customer.XcommerceMicroservicesCustomerApplicationTests]
19:22:59.809 [Test worker] DEBUG org.springframework.test.annotation.ProfileValueUtils - Retrieved ProfileValueSource type [class org.springframework.test.annotation.SystemProfileValueSource] for class [ma.aui.sse.it.xcommerce.microservices.customer.XcommerceMicroservicesCustomerApplicationTests]
19:22:59.824 [Test worker] DEBUG org.springframework.test.context.support.TestPropertySourceUtils - Adding inlined properties to environment: {spring.jmx.enabled=false, org.springframework.boot.test.context.SpringBootTestContextBootstrapper=true, server.port=-1}

  .   ____          _            __ _ _
 /\\ / ___'_ __ _ _(_)_ __  __ _ \ \ \ \
( ( )\___ | '_ | '_| | '_ \/ _` | \ \ \ \
 \\/  ___)| |_)| | | | | || (_| |  ) ) ) )
  '  |____| .__|_| |_|_| |_\__, | / / / /
 =========|_|==============|___/=/_/_/_/
 :: Spring Boot ::        (v2.1.4.RELEASE)

2019-05-04 19:23:00.062  INFO 3061 --- [    Test worker] rceMicroservicesCustomerApplicationTests : Starting XcommerceMicroservicesCustomerApplicationTests on bluestream with PID 3061 (started by pr-iraqi-houssaini in /home/pr-iraqi-houssaini/AUI/courses/csc3327/code/xcommerce-microservices-spring/customer/progress)
2019-05-04 19:23:00.063  INFO 3061 --- [    Test worker] rceMicroservicesCustomerApplicationTests : No active profile set, falling back to default profiles: default
2019-05-04 19:23:00.903  INFO 3061 --- [    Test worker] .s.d.r.c.RepositoryConfigurationDelegate : Bootstrapping Spring Data repositories in DEFAULT mode.
2019-05-04 19:23:00.982  INFO 3061 --- [    Test worker] .s.d.r.c.RepositoryConfigurationDelegate : Finished Spring Data repository scanning in 74ms. Found 1 repository interfaces.
2019-05-04 19:23:01.391  INFO 3061 --- [    Test worker] trationDelegate$BeanPostProcessorChecker : Bean 'org.springframework.hateoas.config.HateoasConfiguration' of type [org.springframework.hateoas.config.HateoasConfiguration$$EnhancerBySpringCGLIB$$efa008cc] is not eligible for getting processed by all BeanPostProcessors (for example: not eligible for auto-proxying)
2019-05-04 19:23:02.170  INFO 3061 --- [    Test worker] org.mongodb.driver.cluster               : Cluster created with settings {hosts=[localhost:27017], mode=SINGLE, requiredClusterType=UNKNOWN, serverSelectionTimeout='30000 ms', maxWaitQueueSize=500}
2019-05-04 19:23:02.224  INFO 3061 --- [localhost:27017] org.mongodb.driver.cluster               : Exception in monitor thread while connecting to server localhost:27017

com.mongodb.MongoSocketOpenException: Exception opening socket
	at com.mongodb.internal.connection.SocketStream.open(SocketStream.java:67) ~[mongodb-driver-core-3.8.2.jar:na]
	at com.mongodb.internal.connection.InternalStreamConnection.open(InternalStreamConnection.java:126) ~[mongodb-driver-core-3.8.2.jar:na]
	at com.mongodb.internal.connection.DefaultServerMonitor$ServerMonitorRunnable.run(DefaultServerMonitor.java:117) ~[mongodb-driver-core-3.8.2.jar:na]
	at java.base/java.lang.Thread.run(Thread.java:844) [na:na]
Caused by: java.net.ConnectException: Connection refused (Connection refused)
	at java.base/java.net.PlainSocketImpl.socketConnect(Native Method) ~[na:na]
	at java.base/java.net.AbstractPlainSocketImpl.doConnect(AbstractPlainSocketImpl.java:400) ~[na:na]
	at java.base/java.net.AbstractPlainSocketImpl.connectToAddress(AbstractPlainSocketImpl.java:243) ~[na:na]
	at java.base/java.net.AbstractPlainSocketImpl.connect(AbstractPlainSocketImpl.java:225) ~[na:na]
	at java.base/java.net.SocksSocketImpl.connect(SocksSocketImpl.java:402) ~[na:na]
	at java.base/java.net.Socket.connect(Socket.java:591) ~[na:na]
	at com.mongodb.internal.connection.SocketStreamHelper.initialize(SocketStreamHelper.java:64) ~[mongodb-driver-core-3.8.2.jar:na]
	at com.mongodb.internal.connection.SocketStream.open(SocketStream.java:62) ~[mongodb-driver-core-3.8.2.jar:na]
	... 3 common frames omitted

2019-05-04 19:23:03.143  INFO 3061 --- [    Test worker] o.s.s.concurrent.ThreadPoolTaskExecutor  : Initializing ExecutorService 'applicationTaskExecutor'
2019-05-04 19:23:03.924  INFO 3061 --- [    Test worker] o.s.b.a.e.web.EndpointLinksResolver      : Exposing 2 endpoint(s) beneath base path '/actuator'
2019-05-04 19:23:03.973  INFO 3061 --- [    Test worker] rceMicroservicesCustomerApplicationTests : Started XcommerceMicroservicesCustomerApplicationTests in 4.143 seconds (JVM running for 4.844)
]]></system-out>
  <system-err><![CDATA[]]></system-err>
</testsuite>
