<?xml version="1.0" encoding="UTF-8"?>
<testsuite name="ma.aui.sse.it.xcommerce.XCommerceApplicationTests" tests="1" skipped="0" failures="0" errors="0" timestamp="2019-05-04T18:18:35" hostname="bluestream" time="0.097">
  <properties/>
  <testcase name="contextLoads" classname="ma.aui.sse.it.xcommerce.XCommerceApplicationTests" time="0.097"/>
  <system-out><![CDATA[19:18:28.015 [Test worker] DEBUG org.springframework.test.context.junit4.SpringJUnit4ClassRunner - SpringJUnit4ClassRunner constructor called with [class ma.aui.sse.it.xcommerce.XCommerceApplicationTests]
19:18:28.023 [Test worker] DEBUG org.springframework.test.context.BootstrapUtils - Instantiating CacheAwareContextLoaderDelegate from class [org.springframework.test.context.cache.DefaultCacheAwareContextLoaderDelegate]
19:18:28.029 [Test worker] DEBUG org.springframework.test.context.BootstrapUtils - Instantiating BootstrapContext using constructor [public org.springframework.test.context.support.DefaultBootstrapContext(java.lang.Class,org.springframework.test.context.CacheAwareContextLoaderDelegate)]
19:18:28.043 [Test worker] DEBUG org.springframework.test.context.BootstrapUtils - Instantiating TestContextBootstrapper for test class [ma.aui.sse.it.xcommerce.XCommerceApplicationTests] from class [org.springframework.boot.test.context.SpringBootTestContextBootstrapper]
19:18:28.050 [Test worker] INFO org.springframework.boot.test.context.SpringBootTestContextBootstrapper - Neither @ContextConfiguration nor @ContextHierarchy found for test class [ma.aui.sse.it.xcommerce.XCommerceApplicationTests], using SpringBootContextLoader
19:18:28.053 [Test worker] DEBUG org.springframework.test.context.support.AbstractContextLoader - Did not detect default resource location for test class [ma.aui.sse.it.xcommerce.XCommerceApplicationTests]: class path resource [ma/aui/sse/it/xcommerce/XCommerceApplicationTests-context.xml] does not exist
19:18:28.053 [Test worker] DEBUG org.springframework.test.context.support.AbstractContextLoader - Did not detect default resource location for test class [ma.aui.sse.it.xcommerce.XCommerceApplicationTests]: class path resource [ma/aui/sse/it/xcommerce/XCommerceApplicationTestsContext.groovy] does not exist
19:18:28.054 [Test worker] INFO org.springframework.test.context.support.AbstractContextLoader - Could not detect default resource locations for test class [ma.aui.sse.it.xcommerce.XCommerceApplicationTests]: no resource found for suffixes {-context.xml, Context.groovy}.
19:18:28.054 [Test worker] INFO org.springframework.test.context.support.AnnotationConfigContextLoaderUtils - Could not detect default configuration classes for test class [ma.aui.sse.it.xcommerce.XCommerceApplicationTests]: XCommerceApplicationTests does not declare any static, non-private, non-final, nested classes annotated with @Configuration.
19:18:28.084 [Test worker] DEBUG org.springframework.test.context.support.ActiveProfilesUtils - Could not find an 'annotation declaring class' for annotation type [org.springframework.test.context.ActiveProfiles] and class [ma.aui.sse.it.xcommerce.XCommerceApplicationTests]
19:18:28.135 [Test worker] DEBUG org.springframework.context.annotation.ClassPathScanningCandidateComponentProvider - Identified candidate component class: file [/home/pr-iraqi-houssaini/AUI/courses/csc3327/code/xcommerce-microservices-spring/catalog/progress/build/classes/java/main/ma/aui/sse/it/xcommerce/XCommerceApplication.class]
19:18:28.136 [Test worker] INFO org.springframework.boot.test.context.SpringBootTestContextBootstrapper - Found @SpringBootConfiguration ma.aui.sse.it.xcommerce.XCommerceApplication for test class ma.aui.sse.it.xcommerce.XCommerceApplicationTests
19:18:28.201 [Test worker] DEBUG org.springframework.boot.test.context.SpringBootTestContextBootstrapper - @TestExecutionListeners is not present for class [ma.aui.sse.it.xcommerce.XCommerceApplicationTests]: using defaults.
19:18:28.202 [Test worker] INFO org.springframework.boot.test.context.SpringBootTestContextBootstrapper - Loaded default TestExecutionListener class names from location [META-INF/spring.factories]: [org.springframework.boot.test.autoconfigure.restdocs.RestDocsTestExecutionListener, org.springframework.boot.test.autoconfigure.web.client.MockRestServiceServerResetTestExecutionListener, org.springframework.boot.test.autoconfigure.web.servlet.MockMvcPrintOnlyOnFailureTestExecutionListener, org.springframework.boot.test.autoconfigure.web.servlet.WebDriverTestExecutionListener, org.springframework.boot.test.mock.mockito.MockitoTestExecutionListener, org.springframework.boot.test.mock.mockito.ResetMocksTestExecutionListener, org.springframework.test.context.web.ServletTestExecutionListener, org.springframework.test.context.support.DirtiesContextBeforeModesTestExecutionListener, org.springframework.test.context.support.DependencyInjectionTestExecutionListener, org.springframework.test.context.support.DirtiesContextTestExecutionListener, org.springframework.test.context.transaction.TransactionalTestExecutionListener, org.springframework.test.context.jdbc.SqlScriptsTestExecutionListener]
19:18:28.215 [Test worker] INFO org.springframework.boot.test.context.SpringBootTestContextBootstrapper - Using TestExecutionListeners: [org.springframework.test.context.web.ServletTestExecutionListener@4846a8a8, org.springframework.test.context.support.DirtiesContextBeforeModesTestExecutionListener@29a47277, org.springframework.boot.test.mock.mockito.MockitoTestExecutionListener@26d59d9, org.springframework.boot.test.autoconfigure.SpringBootDependencyInjectionTestExecutionListener@53ed9c78, org.springframework.test.context.support.DirtiesContextTestExecutionListener@2e937d45, org.springframework.test.context.transaction.TransactionalTestExecutionListener@242e852a, org.springframework.test.context.jdbc.SqlScriptsTestExecutionListener@4c65a3e7, org.springframework.boot.test.autoconfigure.restdocs.RestDocsTestExecutionListener@7354f84f, org.springframework.boot.test.autoconfigure.web.client.MockRestServiceServerResetTestExecutionListener@4698da35, org.springframework.boot.test.autoconfigure.web.servlet.MockMvcPrintOnlyOnFailureTestExecutionListener@164f1019, org.springframework.boot.test.autoconfigure.web.servlet.WebDriverTestExecutionListener@7754f3ac, org.springframework.boot.test.mock.mockito.ResetMocksTestExecutionListener@2316eb89]
19:18:28.218 [Test worker] DEBUG org.springframework.test.annotation.ProfileValueUtils - Retrieved @ProfileValueSourceConfiguration [null] for test class [ma.aui.sse.it.xcommerce.XCommerceApplicationTests]
19:18:28.218 [Test worker] DEBUG org.springframework.test.annotation.ProfileValueUtils - Retrieved ProfileValueSource type [class org.springframework.test.annotation.SystemProfileValueSource] for class [ma.aui.sse.it.xcommerce.XCommerceApplicationTests]
19:18:28.219 [Test worker] DEBUG org.springframework.test.annotation.ProfileValueUtils - Retrieved @ProfileValueSourceConfiguration [null] for test class [ma.aui.sse.it.xcommerce.XCommerceApplicationTests]
19:18:28.219 [Test worker] DEBUG org.springframework.test.annotation.ProfileValueUtils - Retrieved ProfileValueSource type [class org.springframework.test.annotation.SystemProfileValueSource] for class [ma.aui.sse.it.xcommerce.XCommerceApplicationTests]
19:18:28.223 [Test worker] DEBUG org.springframework.test.context.support.AbstractDirtiesContextTestExecutionListener - Before test class: context [DefaultTestContext@5dee41f testClass = XCommerceApplicationTests, testInstance = [null], testMethod = [null], testException = [null], mergedContextConfiguration = [WebMergedContextConfiguration@dcd273f testClass = XCommerceApplicationTests, locations = '{}', classes = '{class ma.aui.sse.it.xcommerce.XCommerceApplication}', contextInitializerClasses = '[]', activeProfiles = '{}', propertySourceLocations = '{}', propertySourceProperties = '{org.springframework.boot.test.context.SpringBootTestContextBootstrapper=true}', contextCustomizers = set[org.springframework.boot.test.autoconfigure.properties.PropertyMappingContextCustomizer@0, org.springframework.boot.test.autoconfigure.web.servlet.WebDriverContextCustomizerFactory$Customizer@20eaaf23, org.springframework.boot.test.context.filter.ExcludeFilterContextCustomizer@441e371c, org.springframework.boot.test.json.DuplicateJsonObjectContextCustomizerFactory$DuplicateJsonObjectContextCustomizer@3914b0f7, org.springframework.boot.test.mock.mockito.MockitoContextCustomizer@0, org.springframework.boot.test.web.client.TestRestTemplateContextCustomizer@36388ce0], resourceBasePath = 'src/main/webapp', contextLoader = 'org.springframework.boot.test.context.SpringBootContextLoader', parent = [null]], attributes = map['org.springframework.test.context.web.ServletTestExecutionListener.activateListener' -> true]], class annotated with @DirtiesContext [false] with mode [null].
19:18:28.224 [Test worker] DEBUG org.springframework.test.annotation.ProfileValueUtils - Retrieved @ProfileValueSourceConfiguration [null] for test class [ma.aui.sse.it.xcommerce.XCommerceApplicationTests]
19:18:28.224 [Test worker] DEBUG org.springframework.test.annotation.ProfileValueUtils - Retrieved ProfileValueSource type [class org.springframework.test.annotation.SystemProfileValueSource] for class [ma.aui.sse.it.xcommerce.XCommerceApplicationTests]
19:18:28.240 [Test worker] DEBUG org.springframework.test.context.support.TestPropertySourceUtils - Adding inlined properties to environment: {spring.jmx.enabled=false, org.springframework.boot.test.context.SpringBootTestContextBootstrapper=true, server.port=-1}

  .   ____          _            __ _ _
 /\\ / ___'_ __ _ _(_)_ __  __ _ \ \ \ \
( ( )\___ | '_ | '_| | '_ \/ _` | \ \ \ \
 \\/  ___)| |_)| | | | | || (_| |  ) ) ) )
  '  |____| .__|_| |_|_| |_\__, | / / / /
 =========|_|==============|___/=/_/_/_/
 :: Spring Boot ::        (v2.1.4.RELEASE)

2019-05-04 19:18:28.476  INFO 2582 --- [    Test worker] m.a.s.i.x.XCommerceApplicationTests      : Starting XCommerceApplicationTests on bluestream with PID 2582 (started by pr-iraqi-houssaini in /home/pr-iraqi-houssaini/AUI/courses/csc3327/code/xcommerce-microservices-spring/catalog/progress)
2019-05-04 19:18:28.478  INFO 2582 --- [    Test worker] m.a.s.i.x.XCommerceApplicationTests      : No active profile set, falling back to default profiles: default
2019-05-04 19:18:29.564  INFO 2582 --- [    Test worker] .s.d.r.c.RepositoryConfigurationDelegate : Multiple Spring Data modules found, entering strict repository configuration mode!
2019-05-04 19:18:29.566  INFO 2582 --- [    Test worker] .s.d.r.c.RepositoryConfigurationDelegate : Bootstrapping Spring Data repositories in DEFAULT mode.
2019-05-04 19:18:29.715  INFO 2582 --- [    Test worker] .s.d.r.c.RepositoryConfigurationDelegate : Finished Spring Data repository scanning in 140ms. Found 3 repository interfaces.
2019-05-04 19:18:29.724  INFO 2582 --- [    Test worker] .s.d.r.c.RepositoryConfigurationDelegate : Multiple Spring Data modules found, entering strict repository configuration mode!
2019-05-04 19:18:29.725  INFO 2582 --- [    Test worker] .s.d.r.c.RepositoryConfigurationDelegate : Bootstrapping Spring Data repositories in DEFAULT mode.
2019-05-04 19:18:29.735  INFO 2582 --- [    Test worker] .RepositoryConfigurationExtensionSupport : Spring Data Redis - Could not safely identify store assignment for repository candidate interface ma.aui.sse.it.xcommerce.microservices.catalog.repositories.BrandRepository.
2019-05-04 19:18:29.736  INFO 2582 --- [    Test worker] .RepositoryConfigurationExtensionSupport : Spring Data Redis - Could not safely identify store assignment for repository candidate interface ma.aui.sse.it.xcommerce.microservices.catalog.repositories.CategoryRepository.
2019-05-04 19:18:29.737  INFO 2582 --- [    Test worker] .RepositoryConfigurationExtensionSupport : Spring Data Redis - Could not safely identify store assignment for repository candidate interface ma.aui.sse.it.xcommerce.microservices.catalog.repositories.ProductRepository.
2019-05-04 19:18:29.737  INFO 2582 --- [    Test worker] .s.d.r.c.RepositoryConfigurationDelegate : Finished Spring Data repository scanning in 5ms. Found 0 repository interfaces.
2019-05-04 19:18:30.299  INFO 2582 --- [    Test worker] trationDelegate$BeanPostProcessorChecker : Bean 'org.springframework.transaction.annotation.ProxyTransactionManagementConfiguration' of type [org.springframework.transaction.annotation.ProxyTransactionManagementConfiguration$$EnhancerBySpringCGLIB$$b6509162] is not eligible for getting processed by all BeanPostProcessors (for example: not eligible for auto-proxying)
2019-05-04 19:18:30.379  INFO 2582 --- [    Test worker] trationDelegate$BeanPostProcessorChecker : Bean 'org.springframework.hateoas.config.HateoasConfiguration' of type [org.springframework.hateoas.config.HateoasConfiguration$$EnhancerBySpringCGLIB$$35d0de94] is not eligible for getting processed by all BeanPostProcessors (for example: not eligible for auto-proxying)
2019-05-04 19:18:30.834  INFO 2582 --- [    Test worker] com.zaxxer.hikari.HikariDataSource       : HikariPool-1 - Starting...
2019-05-04 19:18:30.980  INFO 2582 --- [    Test worker] com.zaxxer.hikari.HikariDataSource       : HikariPool-1 - Start completed.
2019-05-04 19:18:31.086  INFO 2582 --- [    Test worker] o.hibernate.jpa.internal.util.LogHelper  : HHH000204: Processing PersistenceUnitInfo [
	name: default
	...]
2019-05-04 19:18:31.141  INFO 2582 --- [    Test worker] org.hibernate.Version                    : HHH000412: Hibernate Core {5.3.9.Final}
2019-05-04 19:18:31.143  INFO 2582 --- [    Test worker] org.hibernate.cfg.Environment            : HHH000206: hibernate.properties not found
2019-05-04 19:18:31.284  INFO 2582 --- [    Test worker] o.hibernate.annotations.common.Version   : HCANN000001: Hibernate Commons Annotations {5.0.4.Final}
2019-05-04 19:18:31.400  INFO 2582 --- [    Test worker] org.hibernate.dialect.Dialect            : HHH000400: Using dialect: org.hibernate.dialect.H2Dialect
2019-05-04 19:18:32.266  INFO 2582 --- [    Test worker] o.h.t.schema.internal.SchemaCreatorImpl  : HHH000476: Executing import script 'org.hibernate.tool.schema.internal.exec.ScriptSourceInputNonExistentImpl@1a118b79'
2019-05-04 19:18:32.268  INFO 2582 --- [    Test worker] j.LocalContainerEntityManagerFactoryBean : Initialized JPA EntityManagerFactory for persistence unit 'default'
2019-05-04 19:18:32.596  INFO 2582 --- [    Test worker] o.h.h.i.QueryTranslatorFactoryInitiator  : HHH000397: Using ASTQueryTranslatorFactory
2019-05-04 19:18:33.814  INFO 2582 --- [    Test worker] o.s.s.concurrent.ThreadPoolTaskExecutor  : Initializing ExecutorService 'applicationTaskExecutor'
2019-05-04 19:18:33.877  WARN 2582 --- [    Test worker] aWebConfiguration$JpaWebMvcConfiguration : spring.jpa.open-in-view is enabled by default. Therefore, database queries may be performed during view rendering. Explicitly configure spring.jpa.open-in-view to disable this warning
2019-05-04 19:18:34.909  INFO 2582 --- [    Test worker] o.s.b.a.e.web.EndpointLinksResolver      : Exposing 2 endpoint(s) beneath base path '/actuator'
2019-05-04 19:18:34.978  INFO 2582 --- [    Test worker] m.a.s.i.x.XCommerceApplicationTests      : Started XCommerceApplicationTests in 6.73 seconds (JVM running for 7.428)
]]></system-out>
  <system-err><![CDATA[]]></system-err>
</testsuite>
